<?xml version="1.0" encoding="UTF-8"?>
<testng-results ignored="0" total="3" passed="3" failed="0" skipped="0">
  <reporter-output>
    <line>
      <![CDATA[Log in to Facebook]]>
    </line>
    <line>
      <![CDATA[https://www.facebook.com/login/?next=https%3A%2F%2Fwww.facebook.com%2Fpages%2Fcreate%2F%3Fref_type%3Dregistration_form]]>
    </line>
    <line>
      <![CDATA[Forgotten Password | Can't Log In | Facebook]]>
    </line>
    <line>
      <![CDATA[https://www.facebook.com/login/identify/?ctx=recover&ars=facebook_login&from_login_screen=0]]>
    </line>
    <line>
      <![CDATA[Facebook – log in or sign up]]>
    </line>
    <line>
      <![CDATA[https://www.facebook.com/login/?privacy_mutation_token=eyJ0eXBlIjowLCJjcmVhdGlvbl90aW1lIjoxNjUwNTI2MjM3LCJjYWxsc2l0ZV9pZCI6MzgxMjI5MDc5NTc1OTQ2fQ%3D%3D]]>
    </line>
  </reporter-output>
  <suite started-at="2022-04-21T13:00:17 IST" name="Suite" finished-at="2022-04-21T13:00:42 IST" duration-ms="25800">
    <groups>
    </groups>
    <test started-at="2022-04-21T13:00:17 IST" name="Test" finished-at="2022-04-21T13:00:42 IST" duration-ms="25800">
      <class name="TestNG.Testcase2">
        <test-method is-config="true" signature="openApp()[pri:0, instance:TestNG.Testcase2@7ea9e1e2]" started-at="2022-04-21T13:00:26 IST" name="openApp" finished-at="2022-04-21T13:00:30 IST" duration-ms="3718" status="PASS">
          <reporter-output>
          </reporter-output>
        </test-method> <!-- openApp -->
        <test-method signature="tc2()[pri:0, instance:TestNG.Testcase2@7ea9e1e2]" started-at="2022-04-21T13:00:30 IST" name="tc2" finished-at="2022-04-21T13:00:33 IST" duration-ms="3120" status="PASS">
          <reporter-output>
            <line>
              <![CDATA[Forgotten Password | Can't Log In | Facebook]]>
            </line>
            <line>
              <![CDATA[https://www.facebook.com/login/identify/?ctx=recover&ars=facebook_login&from_login_screen=0]]>
            </line>
          </reporter-output>
        </test-method> <!-- tc2 -->
        <test-method is-config="true" signature="closeApp()[pri:0, instance:TestNG.Testcase2@7ea9e1e2]" started-at="2022-04-21T13:00:33 IST" name="closeApp" finished-at="2022-04-21T13:00:33 IST" duration-ms="248" status="PASS">
          <reporter-output>
          </reporter-output>
        </test-method> <!-- closeApp -->
      </class> <!-- TestNG.Testcase2 -->
      <class name="TestNG.Testcase1">
        <test-method is-config="true" signature="openApp()[pri:0, instance:TestNG.Testcase1@24fcf36f]" started-at="2022-04-21T13:00:33 IST" name="openApp" finished-at="2022-04-21T13:00:37 IST" duration-ms="4155" status="PASS">
          <reporter-output>
          </reporter-output>
        </test-method> <!-- openApp -->
        <test-method signature="tc1()[pri:0, instance:TestNG.Testcase1@24fcf36f]" started-at="2022-04-21T13:00:37 IST" name="tc1" finished-at="2022-04-21T13:00:42 IST" duration-ms="4825" status="PASS">
          <reporter-output>
            <line>
              <![CDATA[Facebook – log in or sign up]]>
            </line>
            <line>
              <![CDATA[https://www.facebook.com/login/?privacy_mutation_token=eyJ0eXBlIjowLCJjcmVhdGlvbl90aW1lIjoxNjUwNTI2MjM3LCJjYWxsc2l0ZV9pZCI6MzgxMjI5MDc5NTc1OTQ2fQ%3D%3D]]>
            </line>
          </reporter-output>
        </test-method> <!-- tc1 -->
        <test-method is-config="true" signature="closeApp()[pri:0, instance:TestNG.Testcase1@24fcf36f]" started-at="2022-04-21T13:00:42 IST" name="closeApp" finished-at="2022-04-21T13:00:42 IST" duration-ms="284" status="PASS">
          <reporter-output>
          </reporter-output>
        </test-method> <!-- closeApp -->
      </class> <!-- TestNG.Testcase1 -->
      <class name="TestNG.Testcase3">
        <test-method is-config="true" signature="openApp()[pri:0, instance:TestNG.Testcase3@11bd0f3b]" started-at="2022-04-21T13:00:17 IST" name="openApp" finished-at="2022-04-21T13:00:21 IST" duration-ms="4889" status="PASS">
          <reporter-output>
          </reporter-output>
        </test-method> <!-- openApp -->
        <test-method signature="tc3()[pri:0, instance:TestNG.Testcase3@11bd0f3b]" started-at="2022-04-21T13:00:21 IST" name="tc3" finished-at="2022-04-21T13:00:26 IST" duration-ms="4193" status="PASS">
          <reporter-output>
            <line>
              <![CDATA[Log in to Facebook]]>
            </line>
            <line>
              <![CDATA[https://www.facebook.com/login/?next=https%3A%2F%2Fwww.facebook.com%2Fpages%2Fcreate%2F%3Fref_type%3Dregistration_form]]>
            </line>
          </reporter-output>
        </test-method> <!-- tc3 -->
        <test-method is-config="true" signature="closeApp()[pri:0, instance:TestNG.Testcase3@11bd0f3b]" started-at="2022-04-21T13:00:26 IST" name="closeApp" finished-at="2022-04-21T13:00:26 IST" duration-ms="308" status="PASS">
          <reporter-output>
          </reporter-output>
        </test-method> <!-- closeApp -->
      </class> <!-- TestNG.Testcase3 -->
    </test> <!-- Test -->
  </suite> <!-- Suite -->
</testng-results>
