<?xml version="1.0" encoding="UTF-8"?>
<!-- Generated by org.testng.reporters.JUnitReportReporter -->
<testsuite hostname="DESKTOP-EAK2OU1" failures="0" tests="1" name="TestNG.Testcase1" time="9.264" errors="0" timestamp="2022-04-21T13:00:42 IST" skipped="0">
  <testcase classname="TestNG.Testcase1" name="tc1" time="9.264"/>
  <system-out>
    <![CDATA[Facebook – log in or sign up
https://www.facebook.com/login/?privacy_mutation_token=eyJ0eXBlIjowLCJjcmVhdGlvbl90aW1lIjoxNjUwNTI2MjM3LCJjYWxsc2l0ZV9pZCI6MzgxMjI5MDc5NTc1OTQ2fQ%3D%3D]]>
  </system-out>
</testsuite> <!-- TestNG.Testcase1 -->
